skype
--------------------------------------------------------------------------------
package="com.skype.rover" 
android:targetActivity="com.skype.android.app.main.SplashActivity">
android:name="com.skype.android.app.main.SplashActivity">
android:name="com.skype.raider.Main"
android:name="com.skype.android.app.contacts.ContactListActivity"
android:name="com.skype.android.app.recents.RecentListActivity"
android:name="com.skype.android.app.main.EditPropertyActivity"
android:name="com.skype.android.app.account.EditEmailActivity"
android:name="com.skype.android.app.main.HubActivity"
android:name="com.skype.android.app.main.WelcomeTourActivity"
android:name="com.skype.android.app.account.MyInfoActivity"
android:name="com.skype.android.app.account.WebActivity"
android:name="com.skype.android.app.calling.CallActivity"
android:name="com.skype.android.app.calling.PreCallActivity"
android:name="com.skype.android.app.calling.AfterCallEndedActivity"
android:name="com.skype.android.app.chat.ChatActivity"
android:name="com.skype.android.app.chat.AddParticipantsActivity"
android:name="com.skype.android.app.chat.ContactPickerActivity">
android:name="com.skype.android.app.chat.ParticipantActivity">
android:name="com.skype.android.app.contacts.ContactAddNumberActivity"
android:name="com.skype.android.app.contacts.ContactProfileActivity"
android:name="com.skype.android.app.contacts.ContactEditActivity"
android:name="com.skype.android.app.contacts.ContactDirectorySearchActivity"
android:name="com.skype.android.app.account.AccountProfileInfoActivity"
android:name="com.skype.android.app.contacts.ContactSendAuthRequestActivity"
android:name="com.skype.android.app.dialer.DialpadActivity"
android:name="com.skype.android.app.dialer.SelectCountryActivity"
android:name="com.skype.android.app.signin.AutoSignInActivity"
android:name="com.skype.android.app.main.LandingPageActivity"
android:name="com.skype.android.app.signin.SignInActivity"
android:name="com.skype.android.app.signin.SignUpActivity"
android:name="com.skype.android.app.signin.SignInLiveIdActivity"
android:name="com.skype.android.app.signin.LiveIdMergeActivity"
android:name="com.skype.android.app.signin.TermsOfUseActivity"
android:name="com.skype.android.app.signin.SelectSkypeNameActivity"
android:name="com.skype.android.app.settings.AboutActivity"
android:name="com.skype.android.app.settings.SettingsActivity"
android:name="com.skype.android.app.settings.NotificationSettingsActivity"
android:name="com.skype.android.app.vim.VideoMessageRecorderActivity"
android:name="com.skype.android.app.vim.VideoMessageReviewActivity"
android:name="com.skype.android.app.vim.VideoMessageReviewPlayActivity"
android:name="com.skype.android.app.vim.VideoMessagePlayerActivity"
android:name="com.skype.android.app.account.CallForwardingActivity">
android:name="com.skype.android.app.account.CallForwardingNumberActivity"
android:name="net.hockeyapp.android.UpdateActivity"



viber
--------------------------------------------------------------------------------
android:installLocation="auto" package="com.viber.voip"
android:targetActivity=".WelcomeActivity">
android:targetActivity=".HomeActivity">
android:targetActivity=".HomeActivity">
android:targetActivity=".HomeActivity">
android:targetActivity=".phone.PhoneActivity">
android:name="com.viber.voip.registration.RegistrationActivity"
android:name="com.viber.voip.registration.SelectCountryActivity"
android:name="com.viber.voip.PreConversationActivity"
android:name="com.viber.voip.LaunchActivity"
android:name="com.viber.voip.WelcomeActivity"
android:name="com.viber.voip.HomeActivity"
android:name="com.viber.voip.WelcomeShareActivity"
android:name="com.viber.voip.HomeConversationActivity"
android:name="com.viber.voip.HomeContactDetailsActivity"
android:name="com.viber.voip.HomeYourActivity"
android:name="com.viber.voip.contacts.ui.ContactsListActivity"
android:name="com.viber.voip.contacts.ui.ContactsComposeListActivity"
android:name="com.viber.voip.contacts.ui.InviteContactsListActivity"
android:name="com.viber.voip.messages.ui.forward.ForwardActivity"
android:name="com.viber.voip.messages.ui.media.ViewMediaActivity"
android:name="com.viber.voip.messages.ui.media.SendMediaActivity"
android:name="com.viber.voip.backgrounds.ui.BackgroundGalleryActivity">
android:name="com.viber.voip.user.YouActivity"
android:name="com.viber.voip.user.YouDialogActivity"
android:name="com.viber.voip.messages.ui.ParticipantsCallChooser"
android:name="com.viber.voip.user.PhotoSelectionActivity"
android:name="com.viber.voip.sms.SmsReplyActivity"
android:name="com.viber.voip.contacts.ui.ContactDetailsActivity"
android:name="com.viber.voip.contacts.ui.ContactDetailsDialogActivity"
android:name="com.viber.voip.phone.PhoneActivity"
android:name="com.viber.voip.phone.PhoneActivityFromBackground"
android:name="com.viber.voip.SystemDialogActivity"
android:name="com.viber.voip.messages.extras.fb.FacebookDialogActivity"
android:name="com.viber.voip.messages.ui.ConversationActivity"
android:name="com.viber.voip.messages.ui.media.LocationMessageActivity"
android:name="com.viber.voip.messages.ui.media.LocationMessageActivityV2"
android:name="com.viber.voip.messages.ui.popup.PopupMessageActivity"
android:name="com.viber.voip.settings.ui.SettingsActivity"
android:name="com.viber.voip.SoundSettingsActivity"
android:name="com.viber.voip.SplashActivity"
android:name="com.viber.voip.AboutActivity">
android:name="com.viber.voip.market.MarketActivity"
android:name="com.viber.voip.market.MarketSettingsActivity"
android:name="com.viber.voip.ui.GenericWebViewActivity"
android:name="com.viber.error.report.ErrorReportDialog"
android:name="com.viber.voip.registration.DeActivationActivity"
android:name="com.viber.voip.messages.ui.media.GoogleApiMapPreViewActivity"
android:name="com.viber.voip.messages.ui.media.GoogleApiMapPreviewActivityV2"
android:name="com.viber.voip.messages.ui.media.WebMapPreViewActivity"
android:name="com.viber.voip.viberout.ui.ViberOutWebViewActivity"
android:name="com.android.camera.CropImage"
android:name="com.viber.service.OutgoingCallBroadcaster"
android:name="com.viber.voip.zoobe.ZoobeController$ZoobeBinder">
android:name="com.viber.voip.DontKillMeActivity"
android:name="org.acra.CrashReportDialog"
android:name="com.viber.voip.messages.extras.twitter.TwitterDialogActivity"
android:name="com.viber.voip.viberout.ui.ViberOutActivity"
android:name="com.facebook.LoginActivity"
android:name="com.viber.voip.viberout.ui.ViberOutDialogs"
android:name="com.viber.voip.billing.PurchaseSupportActivity"
android:name="com.viber.voip.messages.ui.media.DoodleActivity">
android:name="com.viber.voip.messages.ui.media.DoodleActivityPortrait"
android:name="com.viber.voip.viberout.promotion.ui.VOPromotionScreen"
android:name="com.viber.voip.contacts.ui.VOFilterSplashActivity"
android:name="com.zoobe.sdk.ui.activities.HomeActivity"
android:name="com.zoobe.sdk.ui.activities.ViberLikeActivity"
android:name="com.zoobe.sdk.ui.activities.InformationActivity"
android:name="com.zoobe.sdk.ui.activities.ShopActivity"
android:name="com.zoobe.sdk.ui.activities.BundleDetailActivity"
android:name="com.zoobe.sdk.ui.activities.ShopSettingsActivity"
android:name="com.zoobe.sdk.ui.activities.CreatorActivity"
android:name="com.zoobe.sdk.ui.activities.CropActivity"
android:name="com.zoobe.sdk.ui.activities.CameraActivity"
android:name="com.zoobe.sdk.ui.activities.PreviewActivity"
android:name="com.zoobe.sdk.ui.activities.PreviewActivityFullscreen"
android:name="com.zoobe.sdk.ui.activities.WebViewActivity"



candycrush
--------------------------------------------------------------------------------
package="com.king.candycrushsaga" 
android:name="com.king.candycrushsaga.CandyCrushSagaActivity"
android:name="com.facebook.LoginActivity"



pokopang
--------------------------------------------------------------------------------
package="jp.naver.SJLGPP" 
android:name="com.treenod.android.UnityPlayerActivity"
android:name="com.hangame.hsp.unityPlugin.HSPUnityPluginActivity"
android:name="com.unity3d.player.VideoPlayer"
android:name="jp.naver.line.android.sdk.auth.LineAuthCompleteActivity">
android:name="jp.naver.line.android.sdk.auth.LineLoginWebViewActivity"
android:name="com.hangame.hsp.auth.login.line.LineAuthResultActivity"
android:name="com.hangame.hsp.ui.HSPUiActivity"
android:name="com.hangame.hsp.push.HSPPushActivity"



minor
--------------------------------------------------------------------------------
package="com.gameloft.android.ANMP.GloftDMHM" 
android:name="com.inject.InjectActivity"
android:name=".Game"
android:name="com.facebook.LoginActivity"
android:name=".installer.GameInstaller"
android:name=".iab.GMPActivity"
android:name=".IGPFreemiumActivity"
android:name=".SplashScreenActivity"
android:name=".InGameBrowser"
android:name=".AdServerVideos"
android:name=".AdServerActivity"
android:name="com.tapjoy.TJCOffersWebView"
android:name="com.tapjoy.TapjoyFullScreenAdWebView"
android:name="com.tapjoy.TapjoyDailyRewardAdWebView"
android:name="com.tapjoy.TapjoyVideoView"
android:name="com.tapjoy.TJAdUnitView"
android:name="com.tapjoy.mraid.view.ActionHandler"
android:name="com.tapjoy.mraid.view.Browser"



